[35m[Appium][39m Available drivers:
[35m[Appium][39m   - uiautomator2@2.12.1 (automationName 'UiAutomator2')
[35m[Appium][39m No plugins have been installed. Use the "appium plugin" command to install the one(s) you want to use.
[38;5;0m[HTTP][0m [37m-->[39m [37mPOST[39m [37m/session[39m
[38;5;0m[HTTP][0m [90m{"capabilities":{"alwaysMatch":{"platformName":"Android","appium:deviceName":"Pixel 4 XL","appium:automationName":"UIAutomator2","appim:app":"/Users/sayma/Desktop/webdriverIO-Project/app/android/ApiDemos-debug.apk","browserName":"chrome","acceptInsecureCerts":true},"firstMatch":[{}]},"desiredCapabilities":{"platformName":"Android","appium:deviceName":"Pixel 4 XL","appium:automationName":"UIAutomator2","appim:app":"/Users/sayma/Desktop/webdriverIO-Project/app/android/ApiDemos-debug.apk","browserName":"chrome","acceptInsecureCerts":true}}[39m
[debug] [38;5;16m[AppiumDriver@f159][0m Calling AppiumDriver.createSession() with args: [{"platformName":"Android","appium:deviceName":"Pixel 4 XL","appium:automationName":"UIAutomator2","appim:app":"/Users/sayma/Desktop/webdriverIO-Project/app/android/ApiDemos-debug.apk","browserName":"chrome","acceptInsecureCerts":true},null,{"alwaysMatch":{"platformName":"Android","appium:deviceName":"Pixel 4 XL","appium:automationName":"UIAutomator2","appim:app":"/Users/sayma/Desktop/webdriverIO-Project/app/android/ApiDemos-debug.apk","browserName":"chrome","acceptInsecureCerts":true},"firstMatch":[{}]}]
[debug] [38;5;16m[AppiumDriver@f159][0m Event 'newSessionRequested' logged at 1672393988584 (15:53:08 GMT+0600 (Bangladesh Standard Time))
[35m[Appium][39m Attempting to find matching driver for automationName 'UIAutomator2' and platformName 'Android'
[35m[Appium][39m The 'uiautomator2' driver was installed and matched caps.
[35m[Appium][39m Will require it at /Users/sayma/Desktop/webdriverIO-Project/node_modules/appium-uiautomator2-driver
[debug] [35m[Appium][39m Requiring driver at /Users/sayma/Desktop/webdriverIO-Project/node_modules/appium-uiautomator2-driver
[38;5;16m[AppiumDriver@f159][0m Appium v2.0.0-beta.48 creating new AndroidUiautomator2Driver (v2.12.1) session
[38;5;16m[AppiumDriver@f159][0m Checking BaseDriver versions for Appium and AndroidUiautomator2Driver
[38;5;16m[AppiumDriver@f159][0m Appium's BaseDriver version is 9.1.0
[38;5;16m[AppiumDriver@f159][0m AndroidUiautomator2Driver's BaseDriver version is 9.1.0
[38;5;16m[AppiumDriver@f159][0m Applying relaxed security to 'AndroidUiautomator2Driver' as per server command line argument. All insecure features will be enabled unless explicitly disabled by --deny-insecure
[debug] [38;5;32m[AndroidUiautomator2Driver@e31f][0m Creating session with W3C capabilities: {
[debug] [38;5;32m[AndroidUiautomator2Driver@e31f][0m   "alwaysMatch": {
[debug] [38;5;32m[AndroidUiautomator2Driver@e31f][0m     "platformName": "Android",
[debug] [38;5;32m[AndroidUiautomator2Driver@e31f][0m     "appim:app": "/Users/sayma/Desktop/webdriverIO-Project/app/android/ApiDemos-debug.apk",
[debug] [38;5;32m[AndroidUiautomator2Driver@e31f][0m     "browserName": "chrome",
[debug] [38;5;32m[AndroidUiautomator2Driver@e31f][0m     "acceptInsecureCerts": true,
[debug] [38;5;32m[AndroidUiautomator2Driver@e31f][0m     "appium:deviceName": "Pixel 4 XL",
[debug] [38;5;32m[AndroidUiautomator2Driver@e31f][0m     "appium:automationName": "UIAutomator2"
[debug] [38;5;32m[AndroidUiautomator2Driver@e31f][0m   },
[debug] [38;5;32m[AndroidUiautomator2Driver@e31f][0m   "firstMatch": [
[debug] [38;5;32m[AndroidUiautomator2Driver@e31f][0m     {}
[debug] [38;5;32m[AndroidUiautomator2Driver@e31f][0m   ]
[debug] [38;5;32m[AndroidUiautomator2Driver@e31f][0m }
[38;5;32m[AndroidUiautomator2Driver@e31f][0m The following capabilities were provided, but are not recognized by Appium:
[38;5;32m[AndroidUiautomator2Driver@e31f][0m   appim:app
[38;5;32m[AndroidUiautomator2Driver@e31f][0m   acceptInsecureCerts
[38;5;32m[AndroidUiautomator2Driver@e31f (e1ec5f0f)][0m Session created with session id: e1ec5f0f-cb16-4273-85b2-54076b6ebb48
[38;5;32m[AndroidUiautomator2Driver@e31f (e1ec5f0f)][0m We're going to run a Chrome-based session
[38;5;32m[AndroidUiautomator2Driver@e31f (e1ec5f0f)][0m Chrome-type package and activity are com.android.chrome and com.google.android.apps.chrome.Main
[38;5;32m[AndroidUiautomator2Driver@e31f (e1ec5f0f)][0m Starting 'com.android.chrome' directly on the device
[38;5;48m[ADB][0m Found 2 'build-tools' folders under '/Users/sayma/Library/Android/sdk' (newest first):
[38;5;48m[ADB][0m     /Users/sayma/Library/Android/sdk/build-tools/32.1.0-rc1
[38;5;48m[ADB][0m     /Users/sayma/Library/Android/sdk/build-tools/32.0.0
[38;5;48m[ADB][0m Using 'adb' from '/Users/sayma/Library/Android/sdk/platform-tools/adb'
[debug] [38;5;48m[ADB][0m Running '/Users/sayma/Library/Android/sdk/platform-tools/adb -P 5037 start-server'
[38;5;64m[AndroidDriver][0m Retrieving device list
[debug] [38;5;48m[ADB][0m Trying to find a connected android device
[debug] [38;5;48m[ADB][0m Getting connected devices
[debug] [38;5;48m[ADB][0m Connected devices: [{"udid":"emulator-5554","state":"device"}]
[38;5;64m[AndroidDriver][0m Using device: emulator-5554
[38;5;48m[ADB][0m Using 'adb' from '/Users/sayma/Library/Android/sdk/platform-tools/adb'
[debug] [38;5;48m[ADB][0m Running '/Users/sayma/Library/Android/sdk/platform-tools/adb -P 5037 start-server'
[debug] [38;5;48m[ADB][0m Setting device id to emulator-5554
[debug] [38;5;48m[ADB][0m Running '/Users/sayma/Library/Android/sdk/platform-tools/adb -P 5037 -s emulator-5554 shell getprop ro.build.version.sdk'
[debug] [38;5;48m[ADB][0m Current device property 'ro.build.version.sdk': 31
[38;5;48m[ADB][0m Getting device platform version
[debug] [38;5;48m[ADB][0m Running '/Users/sayma/Library/Android/sdk/platform-tools/adb -P 5037 -s emulator-5554 shell getprop ro.build.version.release'
[debug] [38;5;48m[ADB][0m Current device property 'ro.build.version.release': 12
[debug] [38;5;48m[ADB][0m Device API level: 31
[38;5;32m[AndroidUiautomator2Driver@e31f (e1ec5f0f)][0m Relaxing hidden api policy
[debug] [38;5;48m[ADB][0m Running '/Users/sayma/Library/Android/sdk/platform-tools/adb -P 5037 -s emulator-5554 shell 'settings put global hidden_api_policy_pre_p_apps 1;settings put global hidden_api_policy_p_apps 1;settings put global hidden_api_policy 1''
[38;5;64m[AndroidDriver][0m No app sent in, not parsing package/activity
[debug] [38;5;48m[ADB][0m Running '/Users/sayma/Library/Android/sdk/platform-tools/adb -P 5037 -s emulator-5554 wait-for-device'
[debug] [38;5;48m[ADB][0m Running '/Users/sayma/Library/Android/sdk/platform-tools/adb -P 5037 -s emulator-5554 shell echo ping'
[debug] [38;5;64m[AndroidDriver][0m Pushing settings apk to device...
[debug] [38;5;48m[ADB][0m Getting install status for io.appium.settings
[debug] [38;5;48m[ADB][0m Running '/Users/sayma/Library/Android/sdk/platform-tools/adb -P 5037 -s emulator-5554 shell dumpsys package io.appium.settings'
[debug] [38;5;48m[ADB][0m 'io.appium.settings' is installed
[debug] [38;5;48m[ADB][0m Getting package info for 'io.appium.settings'
[debug] [38;5;48m[ADB][0m Running '/Users/sayma/Library/Android/sdk/platform-tools/adb -P 5037 -s emulator-5554 shell dumpsys package io.appium.settings'
[debug] [38;5;48m[ADB][0m The version name of the installed 'io.appium.settings' is greater or equal to the application version name ('5.0.0' >= '5.0.0')
[debug] [38;5;48m[ADB][0m There is no need to install/upgrade '/Users/sayma/Desktop/webdriverIO-Project/node_modules/appium-uiautomator2-driver/node_modules/io.appium.settings/apks/settings_apk-debug.apk'
[debug] [38;5;48m[ADB][0m Getting IDs of all 'io.appium.settings' processes
[debug] [38;5;48m[ADB][0m Running '/Users/sayma/Library/Android/sdk/platform-tools/adb -P 5037 -s emulator-5554 shell 'pgrep --help; echo $?''
[debug] [38;5;48m[ADB][0m Running '/Users/sayma/Library/Android/sdk/platform-tools/adb -P 5037 -s emulator-5554 shell pgrep -f \(\[\[:blank:\]\]\|\^\)io\.appium\.settings\(\[\[:blank:\]\]\|\$\)'
[debug] [38;5;64m[AndroidDriver][0m io.appium.settings is already running. There is no need to reset its permissions.
[debug] [38;5;80m[Logcat][0m Starting logs capture with command: /Users/sayma/Library/Android/sdk/platform-tools/adb -P 5037 -s emulator-5554 logcat -v threadtime
[debug] [38;5;32m[AndroidUiautomator2Driver@e31f (e1ec5f0f)][0m Forwarding UiAutomator2 Server port 6790 to local port 8200
[debug] [38;5;48m[ADB][0m Forwarding system: 8200 to device: 6790
[debug] [38;5;48m[ADB][0m Running '/Users/sayma/Library/Android/sdk/platform-tools/adb -P 5037 -s emulator-5554 forward tcp:8200 tcp:6790'
[debug] [38;5;48m[ADB][0m Getting install status for io.appium.uiautomator2.server
[debug] [38;5;48m[ADB][0m Running '/Users/sayma/Library/Android/sdk/platform-tools/adb -P 5037 -s emulator-5554 shell dumpsys package io.appium.uiautomator2.server'
[debug] [38;5;48m[ADB][0m 'io.appium.uiautomator2.server' is installed
[debug] [38;5;48m[ADB][0m Getting package info for 'io.appium.uiautomator2.server'
[debug] [38;5;48m[ADB][0m Running '/Users/sayma/Library/Android/sdk/platform-tools/adb -P 5037 -s emulator-5554 shell dumpsys package io.appium.uiautomator2.server'
[debug] [38;5;48m[ADB][0m The version name of the installed 'io.appium.uiautomator2.server' is greater or equal to the application version name ('5.7.6' >= '5.7.6')
[debug] [38;5;32m[AndroidUiautomator2Driver@e31f (e1ec5f0f)][0m io.appium.uiautomator2.server installation state: sameVersionInstalled
[debug] [38;5;48m[ADB][0m Checking app cert for /Users/sayma/Desktop/webdriverIO-Project/node_modules/appium-uiautomator2-driver/node_modules/appium-uiautomator2-server/apks/appium-uiautomator2-server-v5.7.6.apk
[38;5;48m[ADB][0m Using 'apksigner.jar' from '/Users/sayma/Library/Android/sdk/build-tools/32.1.0-rc1/lib/apksigner.jar'
[debug] [38;5;48m[ADB][0m Starting apksigner: /usr/local/Cellar/openjdk\@8/1.8.0+302/libexec/openjdk.jdk/Contents/Home/bin/java -Xmx1024M -Xss1m -jar /Users/sayma/Library/Android/sdk/build-tools/32.1.0-rc1/lib/apksigner.jar verify --print-certs /Users/sayma/Desktop/webdriverIO-Project/node_modules/appium-uiautomator2-driver/node_modules/appium-uiautomator2-server/apks/appium-uiautomator2-server-v5.7.6.apk
[debug] [38;5;48m[ADB][0m apksigner stdout: Signer #1 certificate DN: EMAILADDRESS=android@android.com, CN=Android, OU=Android, O=Android, L=Mountain View, ST=California, C=US
[debug] [38;5;48m[ADB][0m Signer #1 certificate SHA-256 digest: a40da80a59d170caa950cf15c18c454d47a39b26989d8b640ecd745ba71bf5dc
[debug] [38;5;48m[ADB][0m Signer #1 certificate SHA-1 digest: 61ed377e85d386a8dfee6b864bd85b0bfaa5af81
[debug] [38;5;48m[ADB][0m Signer #1 certificate MD5 digest: e89b158e4bcf988ebd09eb83f5378e87
[debug] [38;5;48m[ADB][0m 
[debug] [38;5;48m[ADB][0m sha256 hash did match for 'appium-uiautomator2-server-v5.7.6.apk'
[38;5;48m[ADB][0m '/Users/sayma/Desktop/webdriverIO-Project/node_modules/appium-uiautomator2-driver/node_modules/appium-uiautomator2-server/apks/appium-uiautomator2-server-v5.7.6.apk' is signed with the default certificate
[debug] [38;5;48m[ADB][0m Getting install status for io.appium.uiautomator2.server.test
[debug] [38;5;48m[ADB][0m Running '/Users/sayma/Library/Android/sdk/platform-tools/adb -P 5037 -s emulator-5554 shell dumpsys package io.appium.uiautomator2.server.test'
[debug] [38;5;48m[ADB][0m 'io.appium.uiautomator2.server.test' is installed
[debug] [38;5;48m[ADB][0m Checking app cert for /Users/sayma/Desktop/webdriverIO-Project/node_modules/appium-uiautomator2-driver/node_modules/appium-uiautomator2-server/apks/appium-uiautomator2-server-debug-androidTest.apk
[debug] [38;5;48m[ADB][0m Starting apksigner: /usr/local/Cellar/openjdk\@8/1.8.0+302/libexec/openjdk.jdk/Contents/Home/bin/java -Xmx1024M -Xss1m -jar /Users/sayma/Library/Android/sdk/build-tools/32.1.0-rc1/lib/apksigner.jar verify --print-certs /Users/sayma/Desktop/webdriverIO-Project/node_modules/appium-uiautomator2-driver/node_modules/appium-uiautomator2-server/apks/appium-uiautomator2-server-debug-androidTest.apk
[debug] [38;5;48m[ADB][0m apksigner stdout: Signer #1 certificate DN: EMAILADDRESS=android@android.com, CN=Android, OU=Android, O=Android, L=Mountain View, ST=California, C=US
[debug] [38;5;48m[ADB][0m Signer #1 certificate SHA-256 digest: a40da80a59d170caa950cf15c18c454d47a39b26989d8b640ecd745ba71bf5dc
[debug] [38;5;48m[ADB][0m Signer #1 certificate SHA-1 digest: 61ed377e85d386a8dfee6b864bd85b0bfaa5af81
[debug] [38;5;48m[ADB][0m Signer #1 certificate MD5 digest: e89b158e4bcf988ebd09eb83f5378e87
[debug] [38;5;48m[ADB][0m 
[debug] [38;5;48m[ADB][0m sha256 hash did match for 'appium-uiautomator2-server-debug-androidTest.apk'
[38;5;48m[ADB][0m '/Users/sayma/Desktop/webdriverIO-Project/node_modules/appium-uiautomator2-driver/node_modules/appium-uiautomator2-server/apks/appium-uiautomator2-server-debug-androidTest.apk' is signed with the default certificate
[38;5;32m[AndroidUiautomator2Driver@e31f (e1ec5f0f)][0m Server packages are not going to be (re)installed
[debug] [38;5;32m[AndroidUiautomator2Driver@e31f (e1ec5f0f)][0m Waiting up to 30000ms for services to be available
[debug] [38;5;48m[ADB][0m Running '/Users/sayma/Library/Android/sdk/platform-tools/adb -P 5037 -s emulator-5554 shell pm list instrumentation'
[debug] [38;5;32m[AndroidUiautomator2Driver@e31f (e1ec5f0f)][0m Instrumentation target 'io.appium.uiautomator2.server.test/androidx.test.runner.AndroidJUnitRunner' is available
[38;5;48m[ADB][0m Adding packages ["io.appium.settings","io.appium.uiautomator2.server","io.appium.uiautomator2.server.test"] to Doze whitelist
[debug] [38;5;48m[ADB][0m Got the following command chunks to execute: [["dumpsys","deviceidle","whitelist","+io.appium.settings",";","dumpsys","deviceidle","whitelist","+io.appium.uiautomator2.server",";","dumpsys","deviceidle","whitelist","+io.appium.uiautomator2.server.test",";"]]
[debug] [38;5;48m[ADB][0m Running '/Users/sayma/Library/Android/sdk/platform-tools/adb -P 5037 -s emulator-5554 shell dumpsys deviceidle whitelist +io.appium.settings ; dumpsys deviceidle whitelist +io.appium.uiautomator2.server ; dumpsys deviceidle whitelist +io.appium.uiautomator2.server.test ;'
[debug] [38;5;32m[AndroidUiautomator2Driver@e31f (e1ec5f0f)][0m No app capability. Assuming it is already on the device
[debug] [38;5;48m[ADB][0m Getting install status for com.android.chrome
[debug] [38;5;48m[ADB][0m Running '/Users/sayma/Library/Android/sdk/platform-tools/adb -P 5037 -s emulator-5554 shell dumpsys package com.android.chrome'
[debug] [38;5;48m[ADB][0m 'com.android.chrome' is installed
[debug] [38;5;48m[ADB][0m Running '/Users/sayma/Library/Android/sdk/platform-tools/adb -P 5037 -s emulator-5554 shell am force-stop com.android.chrome'
[debug] [38;5;48m[ADB][0m Running '/Users/sayma/Library/Android/sdk/platform-tools/adb -P 5037 -s emulator-5554 shell pm clear com.android.chrome'
[debug] [38;5;64m[AndroidDriver][0m Performed fast reset on the installed 'com.android.chrome' application (stop and clear)
[debug] [38;5;32m[AndroidUiautomator2Driver@e31f (e1ec5f0f)][0m Performing shallow cleanup of automation leftovers
[debug] [38;5;32m[AndroidUiautomator2Driver@e31f (e1ec5f0f)][0m No obsolete sessions have been detected (socket hang up)
[debug] [38;5;48m[ADB][0m Running '/Users/sayma/Library/Android/sdk/platform-tools/adb -P 5037 -s emulator-5554 shell am force-stop io.appium.uiautomator2.server.test'
[38;5;32m[AndroidUiautomator2Driver@e31f (e1ec5f0f)][0m Starting UIAutomator2 server 5.7.6
[38;5;32m[AndroidUiautomator2Driver@e31f (e1ec5f0f)][0m Using UIAutomator2 server from '/Users/sayma/Desktop/webdriverIO-Project/node_modules/appium-uiautomator2-driver/node_modules/appium-uiautomator2-server/apks/appium-uiautomator2-server-v5.7.6.apk' and test from '/Users/sayma/Desktop/webdriverIO-Project/node_modules/appium-uiautomator2-driver/node_modules/appium-uiautomator2-server/apks/appium-uiautomator2-server-debug-androidTest.apk'
[38;5;32m[AndroidUiautomator2Driver@e31f (e1ec5f0f)][0m Waiting up to 30000ms for UiAutomator2 to be online...
[debug] [38;5;48m[ADB][0m Creating ADB subprocess with args: ["-P",5037,"-s","emulator-5554","shell","am","instrument","-w","-e","disableAnalytics",true,"io.appium.uiautomator2.server.test/androidx.test.runner.AndroidJUnitRunner"]
[debug] [38;5;32m[AndroidUiautomator2Driver@e31f (e1ec5f0f)][0m Matched '/status' to command name 'getStatus'
[debug] [38;5;32m[AndroidUiautomator2Driver@e31f (e1ec5f0f)][0m Proxying [GET /status] to [GET http://127.0.0.1:8200/status] with no body
[38;5;32m[AndroidUiautomator2Driver@e31f (e1ec5f0f)][0m socket hang up
[debug] [38;5;32m[AndroidUiautomator2Driver@e31f (e1ec5f0f)][0m Matched '/status' to command name 'getStatus'
[debug] [38;5;32m[AndroidUiautomator2Driver@e31f (e1ec5f0f)][0m Proxying [GET /status] to [GET http://127.0.0.1:8200/status] with no body
[38;5;32m[AndroidUiautomator2Driver@e31f (e1ec5f0f)][0m socket hang up
[debug] [38;5;96m[Instrumentation][0m io.appium.uiautomator2.server.test.AppiumUiAutomator2Server:
[debug] [38;5;32m[AndroidUiautomator2Driver@e31f (e1ec5f0f)][0m Matched '/status' to command name 'getStatus'
[debug] [38;5;32m[AndroidUiautomator2Driver@e31f (e1ec5f0f)][0m Proxying [GET /status] to [GET http://127.0.0.1:8200/status] with no body
[38;5;32m[AndroidUiautomator2Driver@e31f (e1ec5f0f)][0m socket hang up
[debug] [38;5;32m[AndroidUiautomator2Driver@e31f (e1ec5f0f)][0m Matched '/status' to command name 'getStatus'
[debug] [38;5;32m[AndroidUiautomator2Driver@e31f (e1ec5f0f)][0m Proxying [GET /status] to [GET http://127.0.0.1:8200/status] with no body
[debug] [38;5;32m[AndroidUiautomator2Driver@e31f (e1ec5f0f)][0m Got response with status 200: {"sessionId":"None","value":{"message":"UiAutomator2 Server is ready to accept commands","ready":true}}
[debug] [38;5;32m[AndroidUiautomator2Driver@e31f (e1ec5f0f)][0m The initialization of the instrumentation process took 3124ms
[debug] [38;5;32m[AndroidUiautomator2Driver@e31f (e1ec5f0f)][0m Matched '/session' to command name 'createSession'
[debug] [38;5;32m[AndroidUiautomator2Driver@e31f (e1ec5f0f)][0m Proxying [POST /session] to [POST http://127.0.0.1:8200/session] with body: {"capabilities":{"firstMatch":[{"platform":"LINUX","webStorageEnabled":false,"takesScreenshot":true,"javascriptEnabled":true,"databaseEnabled":false,"networkConnectionEnabled":true,"locationContextEnabled":false,"warnings":{},"desired":{"platformName":"Android","appim:app":"/Users/sayma/Desktop/webdriverIO-Project/app/android/ApiDemos-debug.apk","browserName":"chrome","acceptInsecureCerts":true,"deviceName":"Pixel 4 XL","automationName":"UIAutomator2"},"platformName":"Android","appim:app":"/Users/sayma/Desktop/webdriverIO-Project/app/android/ApiDemos-debug.apk","browserName":"chrome","acceptInsecureCerts":true,"deviceName":"emulator-5554","automationName":"UIAutomator2","appPackage":"com.android.chrome","appActivity":"com.google.android.apps.chrome.Main","deviceUDID":"emulator-5554"}],"alwaysMatch":{}}}
[debug] [38;5;32m[AndroidUiautomator2Driver@e31f (e1ec5f0f)][0m Got response with status 200: {"sessionId":"0ab95446-6129-4f3f-8ee0-9029e24bb33f","value":{"capabilities":{"firstMatch":[{"platform":"LINUX","webStorageEnabled":false,"takesScreenshot":true,"javascriptEnabled":true,"databaseEnabled":false,"networkConnectionEnabled":true,"locationContextEnabled":false,"warnings":{},"desired":{"platformName":"Android","appim:app":"/Users/sayma/Desktop/webdriverIO-Project/app/android/ApiDemos-debug.apk","browserName":"chrome","acceptInsecureCerts":true,"deviceName":"Pixel 4 XL","automationName":"UIAutomator2"},"platformName":"Android","appim:app":"/Users/sayma/Desktop/webdriverIO-Project/app/android/ApiDemos-debug.apk","browserName":"chrome","acceptInsecureCerts":true,"deviceName":"emulator-5554","automationName":"UIAutomator2","appPackage":"com.android.chrome","appActivity":"com.google.android.apps.chrome.Main","deviceUDID":"emulator-5554"}],"alwaysMatch":{}},"sessionId":"0ab95446-6129-4f3f-8ee0-9029e24bb33f"}}
[38;5;32m[AndroidUiautomator2Driver@e31f (e1ec5f0f)][0m Determined the downstream protocol as 'W3C'
[debug] [38;5;32m[AndroidUiautomator2Driver@e31f (e1ec5f0f)][0m Proxying [GET /appium/device/info] to [GET http://127.0.0.1:8200/session/0ab95446-6129-4f3f-8ee0-9029e24bb33f/appium/device/info] with no body
[debug] [38;5;32m[AndroidUiautomator2Driver@e31f (e1ec5f0f)][0m Got response with status 200: {"sessionId":"0ab95446-6129-4f3f-8ee0-9029e24bb33f","value":{"androidId":"c2c3fe8e991d3c61","apiVersion":"31","bluetooth":{"state":"ON"},"brand":"google","carrierName":"T-Mobile","displayDensity":560,"locale":"en_US","manufacturer":"Google","model":"sdk_gphone64_x86_64","networks":[{"capabilities":{"SSID":null,"linkDownBandwidthKbps":30000,"linkUpstreamBandwidthKbps":12000,"networkCapabilities":"NET_CAPABILITY_NOT_METERED,NET_CAPABILITY_INTERNET,NET_CAPABILITY_NOT_RESTRICTED,NET_CAPABILITY_TRUSTED,NET_CAPABILITY_NOT_VPN,NET_CAPABILITY_VALIDATED,NET_CAPABILITY_NOT_ROAMING,NET_CAPABILITY_FOREGROUND,NET_CAPABILITY_NOT_CONGESTED,NET_CAPABILITY_NOT_SUSPENDED","signalStrength":-50,"transportTypes":"TRANSPORT_WIFI"},"detailedState":"CONNECTED","extraInfo":"","isAvailable":true,"isConnected":true,"isFailover":false,"isRoaming":false,"state":"CONNECTED","subtype":-1,"subtypeName":"","type":1,"typeName":"WIFI"},{"capabilities":{"SSID":null,"linkDownBandwidthKbps":4300,"linkUpstreamBandwidthKbps":1800,"networkCapabil...
[debug] [38;5;48m[ADB][0m Running '/Users/sayma/Library/Android/sdk/platform-tools/adb -P 5037 -s emulator-5554 shell dumpsys window'
[38;5;64m[AndroidDriver][0m Screen already unlocked, doing nothing
[38;5;32m[AndroidUiautomator2Driver@e31f (e1ec5f0f)][0m Starting a chrome-based browser session
[debug] [38;5;32m[AndroidUiautomator2Driver@e31f (e1ec5f0f)][0m A port was not given, using random free port: 8000
[debug] [38;5;64m[AndroidDriver][0m Precalculated Chromedriver capabilities: {
[debug] [38;5;64m[AndroidDriver][0m   "androidPackage": "com.android.chrome",
[debug] [38;5;64m[AndroidDriver][0m   "androidDeviceSerial": "emulator-5554"
[debug] [38;5;64m[AndroidDriver][0m }
[debug] [38;5;32m[AndroidUiautomator2Driver@e31f (e1ec5f0f)][0m Before starting chromedriver, androidPackage is 'com.android.chrome'
[debug] [38;5;112m[Chromedriver@e8e9][0m Changed state to 'starting'
[debug] [38;5;112m[Chromedriver@e8e9][0m Using the static Chromedriver->Chrome mapping
[debug] [38;5;112m[Chromedriver@e8e9][0m The most recent known Chrome version: 108.0.5359
[debug] [38;5;112m[Chromedriver@e8e9][0m Found 3 executables in '/Users/sayma/Desktop/webdriverIO-Project/node_modules/appium-uiautomator2-driver/node_modules/appium-chromedriver/chromedriver/mac'
[debug] [38;5;112m[Chromedriver@e8e9][0m The following Chromedriver executables were found:
[debug] [38;5;112m[Chromedriver@e8e9][0m     '/Users/sayma/Desktop/webdriverIO-Project/node_modules/appium-uiautomator2-driver/node_modules/appium-chromedriver/chromedriver/mac/chromedriver_mac64_v108.0.5359.71' (version '108.0.5359.71', minimum Chrome version '108.0.5359')
[debug] [38;5;112m[Chromedriver@e8e9][0m     '/Users/sayma/Desktop/webdriverIO-Project/node_modules/appium-uiautomator2-driver/node_modules/appium-chromedriver/chromedriver/mac/chromedriver_mac64_v91.0.4472.101' (version '91.0.4472.101', minimum Chrome version '91.0.4472')
[debug] [38;5;112m[Chromedriver@e8e9][0m     '/Users/sayma/Desktop/webdriverIO-Project/node_modules/appium-uiautomator2-driver/node_modules/appium-chromedriver/chromedriver/mac/chromedriver_mac64_v91.0.4472.19' (version '91.0.4472.19', minimum Chrome version '91.0.4472')
[debug] [38;5;48m[ADB][0m Getting package info for 'com.android.chrome'
[debug] [38;5;48m[ADB][0m Running '/Users/sayma/Library/Android/sdk/platform-tools/adb -P 5037 -s emulator-5554 shell dumpsys package com.android.chrome'
[debug] [38;5;112m[Chromedriver@e8e9][0m Found Chrome bundle 'com.android.chrome' version '91.0.4472'
[debug] [38;5;112m[Chromedriver@e8e9][0m Found 2 executables capable of automating Chrome '91.0.4472'.
[debug] [38;5;112m[Chromedriver@e8e9][0m Choosing the most recent, '/Users/sayma/Desktop/webdriverIO-Project/node_modules/appium-uiautomator2-driver/node_modules/appium-chromedriver/chromedriver/mac/chromedriver_mac64_v91.0.4472.101'.
[debug] [38;5;112m[Chromedriver@e8e9][0m If a specific version is required, specify it with the `chromedriverExecutable`desired capability.
[38;5;112m[Chromedriver@e8e9][0m Set chromedriver binary as: /Users/sayma/Desktop/webdriverIO-Project/node_modules/appium-uiautomator2-driver/node_modules/appium-chromedriver/chromedriver/mac/chromedriver_mac64_v91.0.4472.101
[debug] [38;5;112m[Chromedriver@e8e9][0m Killing any old chromedrivers, running: pkill -15 -f "/Users/sayma/Desktop/webdriverIO-Project/node_modules/appium-uiautomator2-driver/node_modules/appium-chromedriver/chromedriver/mac/chromedriver_mac64_v91.0.4472.101.*--port=8000"
[38;5;112m[Chromedriver@e8e9][0m No old chromedrivers seem to exist
[debug] [38;5;112m[Chromedriver@e8e9][0m Cleaning this device's adb forwarded port socket connections: emulator-5554
[debug] [38;5;48m[ADB][0m List forwarding ports
[debug] [38;5;48m[ADB][0m Running '/Users/sayma/Library/Android/sdk/platform-tools/adb -P 5037 -s emulator-5554 forward --list'
[38;5;112m[Chromedriver@e8e9][0m Spawning chromedriver with: /Users/sayma/Desktop/webdriverIO-Project/node_modules/appium-uiautomator2-driver/node_modules/appium-chromedriver/chromedriver/mac/chromedriver_mac64_v91.0.4472.101 --port=8000 --adb-port=5037 --verbose
[debug] [38;5;112m[Chromedriver@e8e9][0m Chromedriver version: '91.0.4472.101'
[debug] [38;5;112m[Chromedriver@e8e9][0m Matched '/status' to command name 'getStatus'
[debug] [38;5;112m[Chromedriver@e8e9][0m Proxying [GET /status] to [GET http://127.0.0.1:8000/status] with no body
[38;5;112m[Chromedriver@e8e9][0m connect ECONNREFUSED 127.0.0.1:8000
[debug] [38;5;112m[Chromedriver@e8e9][0m Matched '/status' to command name 'getStatus'
[debug] [38;5;112m[Chromedriver@e8e9][0m Proxying [GET /status] to [GET http://127.0.0.1:8000/status] with no body
[debug] [38;5;112m[Chromedriver@e8e9][0m Got response with status 200: {"value":{"build":{"version":"91.0.4472.101 (af52a90bf87030dd1523486a1cd3ae25c5d76c9b-refs/branch-heads/4472@{#1462})"},"message":"ChromeDriver ready for new sessions.","os":{"arch":"x86_64","name":"Mac OS X","version":"11.5.0"},"ready":true}}
[38;5;112m[Chromedriver@e8e9][0m Starting W3C Chromedriver session with capabilities: {
[38;5;112m[Chromedriver@e8e9][0m   "capabilities": {
[38;5;112m[Chromedriver@e8e9][0m     "alwaysMatch": {
[38;5;112m[Chromedriver@e8e9][0m       "goog:chromeOptions": {
[38;5;112m[Chromedriver@e8e9][0m         "androidPackage": "com.android.chrome",
[38;5;112m[Chromedriver@e8e9][0m         "androidDeviceSerial": "emulator-5554"
[38;5;112m[Chromedriver@e8e9][0m       },
[38;5;112m[Chromedriver@e8e9][0m       "goog:loggingPrefs": {
[38;5;112m[Chromedriver@e8e9][0m         "browser": "ALL"
[38;5;112m[Chromedriver@e8e9][0m       }
[38;5;112m[Chromedriver@e8e9][0m     }
[38;5;112m[Chromedriver@e8e9][0m   }
[38;5;112m[Chromedriver@e8e9][0m }
[debug] [38;5;112m[Chromedriver@e8e9][0m Matched '/session' to command name 'createSession'
[debug] [38;5;112m[Chromedriver@e8e9][0m Proxying [POST /session] to [POST http://127.0.0.1:8000/session] with body: {"capabilities":{"alwaysMatch":{"goog:chromeOptions":{"androidPackage":"com.android.chrome","androidDeviceSerial":"emulator-5554"},"goog:loggingPrefs":{"browser":"ALL"}}}}
[debug] [38;5;112m[Chromedriver@e8e9][0m Webview version: 'Chrome/91.0.4472.114'
[debug] [38;5;112m[Chromedriver@e8e9][0m Got response with status 200: {"value":{"capabilities":{"acceptInsecureCerts":false,"browserName":"chrome","browserVersion":"91.0.4472.114","chrome":{"chromedriverVersion":"91.0.4472.101 (af52a90bf87030dd1523486a1cd3ae25c5d76c9b-refs/branch-heads/4472@{#1462})"},"goog:chromeOptions":{"debuggerAddress":"localhost:56580"},"pageLoadStrategy":"normal","platformName":"android","proxy":{},"setWindowRect":false,"strictFileInteractability":false,"timeouts":{"implicit":0,"pageLoad":300000,"script":30000},"unhandledPromptBehavior":"dismiss and notify","webauthn:extension:largeBlob":false,"webauthn:virtualAuthenticators":false},"sessionId":"34eb0d8d88a9d002737031d15f9393b6"}}
[38;5;112m[Chromedriver@e8e9][0m Determined the downstream protocol as 'W3C'
[debug] [38;5;112m[Chromedriver@e8e9 (34eb0d8d)][0m Changed state to 'online'
[debug] [38;5;32m[AndroidUiautomator2Driver@e31f (e1ec5f0f)][0m Proxying [GET /appium/device/pixel_ratio] to [GET http://127.0.0.1:8200/session/0ab95446-6129-4f3f-8ee0-9029e24bb33f/appium/device/pixel_ratio] with no body
[debug] [38;5;32m[AndroidUiautomator2Driver@e31f (e1ec5f0f)][0m Got response with status 200: {"sessionId":"0ab95446-6129-4f3f-8ee0-9029e24bb33f","value":3.5}
[debug] [38;5;32m[AndroidUiautomator2Driver@e31f (e1ec5f0f)][0m Matched '/appium/device/system_bars' to command name 'getSystemBars'
[debug] [38;5;32m[AndroidUiautomator2Driver@e31f (e1ec5f0f)][0m Proxying [GET /appium/device/system_bars] to [GET http://127.0.0.1:8200/session/0ab95446-6129-4f3f-8ee0-9029e24bb33f/appium/device/system_bars] with no body
[debug] [38;5;32m[AndroidUiautomator2Driver@e31f (e1ec5f0f)][0m Got response with status 200: {"sessionId":"0ab95446-6129-4f3f-8ee0-9029e24bb33f","value":{"statusBar":98}}
[debug] [38;5;32m[AndroidUiautomator2Driver@e31f (e1ec5f0f)][0m Matched '/window/current/size' to command name 'getWindowSize'
[debug] [38;5;32m[AndroidUiautomator2Driver@e31f (e1ec5f0f)][0m Proxying [GET /window/current/size] to [GET http://127.0.0.1:8200/session/0ab95446-6129-4f3f-8ee0-9029e24bb33f/window/current/size] with no body
[debug] [38;5;32m[AndroidUiautomator2Driver@e31f (e1ec5f0f)][0m Got response with status 200: {"sessionId":"0ab95446-6129-4f3f-8ee0-9029e24bb33f","value":{"height":2872,"width":1440}}
[38;5;16m[AppiumDriver@f159][0m New AndroidUiautomator2Driver session created successfully, session e1ec5f0f-cb16-4273-85b2-54076b6ebb48 added to master session list
[debug] [38;5;16m[AppiumDriver@f159][0m Event 'newSessionStarted' logged at 1672394000190 (15:53:20 GMT+0600 (Bangladesh Standard Time))
[debug] [38;5;32m[AndroidUiautomator2Driver@e31f (e1ec5f0f)][0m Cached the protocol value 'W3C' for the new session e1ec5f0f-cb16-4273-85b2-54076b6ebb48
[debug] [38;5;32m[AndroidUiautomator2Driver@e31f (e1ec5f0f)][0m Responding to client with driver.createSession() result: {"capabilities":{"platform":"LINUX","webStorageEnabled":false,"takesScreenshot":true,"javascriptEnabled":true,"databaseEnabled":false,"networkConnectionEnabled":true,"locationContextEnabled":false,"warnings":{},"desired":{"platformName":"Android","appim:app":"/Users/sayma/Desktop/webdriverIO-Project/app/android/ApiDemos-debug.apk","browserName":"chrome","acceptInsecureCerts":true,"deviceName":"Pixel 4 XL","automationName":"UIAutomator2"},"platformName":"Android","appim:app":"/Users/sayma/Desktop/webdriverIO-Project/app/android/ApiDemos-debug.apk","browserName":"chrome","acceptInsecureCerts":true,"deviceName":"emulator-5554","automationName":"UIAutomator2","appPackage":"com.android.chrome","appActivity":"com.google.android.apps.chrome.Main","deviceUDID":"emulator-5554","deviceApiLevel":31,"platformVersion":"12","deviceScreenSize":"1440x3040","deviceScreenDensity":560,"deviceModel":"sdk_gphone64_x86_64","deviceManufacturer":"Google","pixelRatio":3.5,"statBarHeight":98,"viewportRect":{"left":0,"top":98,"width...
[38;5;0m[HTTP][0m [37m<-- POST /session [39m[32m200[39m [90m11612 ms - 1105[39m
[38;5;0m[HTTP][0m [90m[39m
[38;5;0m[HTTP][0m [37m-->[39m [37mPOST[39m [37m/session/e1ec5f0f-cb16-4273-85b2-54076b6ebb48/url[39m
[38;5;0m[HTTP][0m [90m{"url":"https://the-internet.herokuapp.com/login"}[39m
[38;5;32m[AndroidUiautomator2Driver@e31f (e1ec5f0f)][0m Driver proxy active, passing request on via HTTP proxy
[debug] [38;5;112m[Chromedriver@e8e9 (34eb0d8d)][0m Matched '/session/e1ec5f0f-cb16-4273-85b2-54076b6ebb48/url' to command name 'setUrl'
[debug] [38;5;112m[Chromedriver@e8e9 (34eb0d8d)][0m Proxying [POST /session/e1ec5f0f-cb16-4273-85b2-54076b6ebb48/url] to [POST http://127.0.0.1:8000/session/34eb0d8d88a9d002737031d15f9393b6/url] with body: {"url":"https://the-internet.herokuapp.com/login"}
[debug] [38;5;112m[Chromedriver@e8e9 (34eb0d8d)][0m Got response with status 200: {"value":null}
[38;5;0m[HTTP][0m [37m<-- POST /session/e1ec5f0f-cb16-4273-85b2-54076b6ebb48/url [39m[32m200[39m [90m5060 ms - 14[39m
[38;5;0m[HTTP][0m [90m[39m
[38;5;0m[HTTP][0m [37m-->[39m [37mPOST[39m [37m/session/e1ec5f0f-cb16-4273-85b2-54076b6ebb48/element[39m
[38;5;0m[HTTP][0m [90m{"using":"css selector","value":"#username"}[39m
[38;5;32m[AndroidUiautomator2Driver@e31f (e1ec5f0f)][0m Driver proxy active, passing request on via HTTP proxy
[debug] [38;5;112m[Chromedriver@e8e9 (34eb0d8d)][0m Matched '/session/e1ec5f0f-cb16-4273-85b2-54076b6ebb48/element' to command name 'findElement'
[debug] [38;5;112m[Chromedriver@e8e9 (34eb0d8d)][0m Proxying [POST /session/e1ec5f0f-cb16-4273-85b2-54076b6ebb48/element] to [POST http://127.0.0.1:8000/session/34eb0d8d88a9d002737031d15f9393b6/element] with body: {"using":"css selector","value":"#username"}
[debug] [38;5;112m[Chromedriver@e8e9 (34eb0d8d)][0m Got response with status 200: {"value":{"element-6066-11e4-a52e-4f735466cecf":"4166c924-88d5-44ae-bc7a-bcacb5cd0003"}}
[38;5;0m[HTTP][0m [37m<-- POST /session/e1ec5f0f-cb16-4273-85b2-54076b6ebb48/element [39m[32m200[39m [90m86 ms - 137[39m
[38;5;0m[HTTP][0m [90m[39m
[38;5;0m[HTTP][0m [37m-->[39m [37mPOST[39m [37m/session/e1ec5f0f-cb16-4273-85b2-54076b6ebb48/element/4166c924-88d5-44ae-bc7a-bcacb5cd0003/clear[39m
[38;5;0m[HTTP][0m [90m{}[39m
[38;5;32m[AndroidUiautomator2Driver@e31f (e1ec5f0f)][0m Driver proxy active, passing request on via HTTP proxy
[debug] [38;5;112m[Chromedriver@e8e9 (34eb0d8d)][0m Matched '/session/e1ec5f0f-cb16-4273-85b2-54076b6ebb48/element/4166c924-88d5-44ae-bc7a-bcacb5cd0003/clear' to command name 'clear'
[debug] [38;5;112m[Chromedriver@e8e9 (34eb0d8d)][0m Proxying [POST /session/e1ec5f0f-cb16-4273-85b2-54076b6ebb48/element/4166c924-88d5-44ae-bc7a-bcacb5cd0003/clear] to [POST http://127.0.0.1:8000/session/34eb0d8d88a9d002737031d15f9393b6/element/4166c924-88d5-44ae-bc7a-bcacb5cd0003/clear] with body: {}
[debug] [38;5;112m[Chromedriver@e8e9 (34eb0d8d)][0m Got response with status 200: {"value":null}
[38;5;0m[HTTP][0m [37m<-- POST /session/e1ec5f0f-cb16-4273-85b2-54076b6ebb48/element/4166c924-88d5-44ae-bc7a-bcacb5cd0003/clear [39m[32m200[39m [90m231 ms - 14[39m
[38;5;0m[HTTP][0m [90m[39m
[38;5;0m[HTTP][0m [37m-->[39m [37mPOST[39m [37m/session/e1ec5f0f-cb16-4273-85b2-54076b6ebb48/element/4166c924-88d5-44ae-bc7a-bcacb5cd0003/value[39m
[38;5;0m[HTTP][0m [90m{"text":"tomsmith"}[39m
[38;5;32m[AndroidUiautomator2Driver@e31f (e1ec5f0f)][0m Driver proxy active, passing request on via HTTP proxy
[debug] [38;5;112m[Chromedriver@e8e9 (34eb0d8d)][0m Matched '/session/e1ec5f0f-cb16-4273-85b2-54076b6ebb48/element/4166c924-88d5-44ae-bc7a-bcacb5cd0003/value' to command name 'setValue'
[debug] [38;5;112m[Chromedriver@e8e9 (34eb0d8d)][0m Added 'value' property ["t","o","m","s","m","i","t","h"] to 'setValue' request body
[debug] [38;5;112m[Chromedriver@e8e9 (34eb0d8d)][0m Proxying [POST /session/e1ec5f0f-cb16-4273-85b2-54076b6ebb48/element/4166c924-88d5-44ae-bc7a-bcacb5cd0003/value] to [POST http://127.0.0.1:8000/session/34eb0d8d88a9d002737031d15f9393b6/element/4166c924-88d5-44ae-bc7a-bcacb5cd0003/value] with body: {"text":"tomsmith","value":["t","o","m","s","m","i","t","h"]}
[debug] [38;5;112m[Chromedriver@e8e9 (34eb0d8d)][0m Got response with status 200: {"value":null}
[38;5;0m[HTTP][0m [37m<-- POST /session/e1ec5f0f-cb16-4273-85b2-54076b6ebb48/element/4166c924-88d5-44ae-bc7a-bcacb5cd0003/value [39m[32m200[39m [90m395 ms - 14[39m
[38;5;0m[HTTP][0m [90m[39m
[38;5;0m[HTTP][0m [37m-->[39m [37mPOST[39m [37m/session/e1ec5f0f-cb16-4273-85b2-54076b6ebb48/element[39m
[38;5;0m[HTTP][0m [90m{"using":"css selector","value":"#password"}[39m
[38;5;32m[AndroidUiautomator2Driver@e31f (e1ec5f0f)][0m Driver proxy active, passing request on via HTTP proxy
[debug] [38;5;112m[Chromedriver@e8e9 (34eb0d8d)][0m Matched '/session/e1ec5f0f-cb16-4273-85b2-54076b6ebb48/element' to command name 'findElement'
[debug] [38;5;112m[Chromedriver@e8e9 (34eb0d8d)][0m Proxying [POST /session/e1ec5f0f-cb16-4273-85b2-54076b6ebb48/element] to [POST http://127.0.0.1:8000/session/34eb0d8d88a9d002737031d15f9393b6/element] with body: {"using":"css selector","value":"#password"}
[debug] [38;5;112m[Chromedriver@e8e9 (34eb0d8d)][0m Got response with status 200: {"value":{"element-6066-11e4-a52e-4f735466cecf":"586b67b8-6a9e-4dac-97e3-1c7f59bea2ed"}}
[38;5;0m[HTTP][0m [37m<-- POST /session/e1ec5f0f-cb16-4273-85b2-54076b6ebb48/element [39m[32m200[39m [90m72 ms - 137[39m
[38;5;0m[HTTP][0m [90m[39m
[38;5;0m[HTTP][0m [37m-->[39m [37mPOST[39m [37m/session/e1ec5f0f-cb16-4273-85b2-54076b6ebb48/element/586b67b8-6a9e-4dac-97e3-1c7f59bea2ed/clear[39m
[38;5;0m[HTTP][0m [90m{}[39m
[38;5;32m[AndroidUiautomator2Driver@e31f (e1ec5f0f)][0m Driver proxy active, passing request on via HTTP proxy
[debug] [38;5;112m[Chromedriver@e8e9 (34eb0d8d)][0m Matched '/session/e1ec5f0f-cb16-4273-85b2-54076b6ebb48/element/586b67b8-6a9e-4dac-97e3-1c7f59bea2ed/clear' to command name 'clear'
[debug] [38;5;112m[Chromedriver@e8e9 (34eb0d8d)][0m Proxying [POST /session/e1ec5f0f-cb16-4273-85b2-54076b6ebb48/element/586b67b8-6a9e-4dac-97e3-1c7f59bea2ed/clear] to [POST http://127.0.0.1:8000/session/34eb0d8d88a9d002737031d15f9393b6/element/586b67b8-6a9e-4dac-97e3-1c7f59bea2ed/clear] with body: {}
[debug] [38;5;112m[Chromedriver@e8e9 (34eb0d8d)][0m Got response with status 200: {"value":null}
[38;5;0m[HTTP][0m [37m<-- POST /session/e1ec5f0f-cb16-4273-85b2-54076b6ebb48/element/586b67b8-6a9e-4dac-97e3-1c7f59bea2ed/clear [39m[32m200[39m [90m172 ms - 14[39m
[38;5;0m[HTTP][0m [90m[39m
[38;5;0m[HTTP][0m [37m-->[39m [37mPOST[39m [37m/session/e1ec5f0f-cb16-4273-85b2-54076b6ebb48/element/586b67b8-6a9e-4dac-97e3-1c7f59bea2ed/value[39m
[38;5;0m[HTTP][0m [90m{"text":"SuperSecretPassword!"}[39m
[38;5;32m[AndroidUiautomator2Driver@e31f (e1ec5f0f)][0m Driver proxy active, passing request on via HTTP proxy
[debug] [38;5;112m[Chromedriver@e8e9 (34eb0d8d)][0m Matched '/session/e1ec5f0f-cb16-4273-85b2-54076b6ebb48/element/586b67b8-6a9e-4dac-97e3-1c7f59bea2ed/value' to command name 'setValue'
[debug] [38;5;112m[Chromedriver@e8e9 (34eb0d8d)][0m Added 'value' property ["S","u","p","e","r","S","e","c","r","e","t","P","a","s","s","w","o","r","d","!"] to 'setValue' request body
[debug] [38;5;112m[Chromedriver@e8e9 (34eb0d8d)][0m Proxying [POST /session/e1ec5f0f-cb16-4273-85b2-54076b6ebb48/element/586b67b8-6a9e-4dac-97e3-1c7f59bea2ed/value] to [POST http://127.0.0.1:8000/session/34eb0d8d88a9d002737031d15f9393b6/element/586b67b8-6a9e-4dac-97e3-1c7f59bea2ed/value] with body: {"text":"SuperSecretPassword!","value":["S","u","p","e","r","S","e","c","r","e","t","P","a","s","s","w","o","r","d","!"]}
[debug] [38;5;112m[Chromedriver@e8e9 (34eb0d8d)][0m Got response with status 200: {"value":null}
[38;5;0m[HTTP][0m [37m<-- POST /session/e1ec5f0f-cb16-4273-85b2-54076b6ebb48/element/586b67b8-6a9e-4dac-97e3-1c7f59bea2ed/value [39m[32m200[39m [90m403 ms - 14[39m
[38;5;0m[HTTP][0m [90m[39m
[38;5;0m[HTTP][0m [37m-->[39m [37mPOST[39m [37m/session/e1ec5f0f-cb16-4273-85b2-54076b6ebb48/element[39m
[38;5;0m[HTTP][0m [90m{"using":"css selector","value":"button[type=\"submit\"]"}[39m
[38;5;32m[AndroidUiautomator2Driver@e31f (e1ec5f0f)][0m Driver proxy active, passing request on via HTTP proxy
[debug] [38;5;112m[Chromedriver@e8e9 (34eb0d8d)][0m Matched '/session/e1ec5f0f-cb16-4273-85b2-54076b6ebb48/element' to command name 'findElement'
[debug] [38;5;112m[Chromedriver@e8e9 (34eb0d8d)][0m Proxying [POST /session/e1ec5f0f-cb16-4273-85b2-54076b6ebb48/element] to [POST http://127.0.0.1:8000/session/34eb0d8d88a9d002737031d15f9393b6/element] with body: {"using":"css selector","value":"button[type=\"submit\"]"}
[debug] [38;5;112m[Chromedriver@e8e9 (34eb0d8d)][0m Got response with status 200: {"value":{"element-6066-11e4-a52e-4f735466cecf":"f2ab3ddd-f4d2-438d-b058-958341e88c39"}}
[38;5;0m[HTTP][0m [37m<-- POST /session/e1ec5f0f-cb16-4273-85b2-54076b6ebb48/element [39m[32m200[39m [90m75 ms - 137[39m
[38;5;0m[HTTP][0m [90m[39m
[38;5;0m[HTTP][0m [37m-->[39m [37mPOST[39m [37m/session/e1ec5f0f-cb16-4273-85b2-54076b6ebb48/element/f2ab3ddd-f4d2-438d-b058-958341e88c39/click[39m
[38;5;0m[HTTP][0m [90m{}[39m
[38;5;32m[AndroidUiautomator2Driver@e31f (e1ec5f0f)][0m Driver proxy active, passing request on via HTTP proxy
[debug] [38;5;112m[Chromedriver@e8e9 (34eb0d8d)][0m Matched '/session/e1ec5f0f-cb16-4273-85b2-54076b6ebb48/element/f2ab3ddd-f4d2-438d-b058-958341e88c39/click' to command name 'click'
[debug] [38;5;112m[Chromedriver@e8e9 (34eb0d8d)][0m Proxying [POST /session/e1ec5f0f-cb16-4273-85b2-54076b6ebb48/element/f2ab3ddd-f4d2-438d-b058-958341e88c39/click] to [POST http://127.0.0.1:8000/session/34eb0d8d88a9d002737031d15f9393b6/element/f2ab3ddd-f4d2-438d-b058-958341e88c39/click] with body: {}
[debug] [38;5;112m[Chromedriver@e8e9 (34eb0d8d)][0m Got response with status 200: {"value":null}
[38;5;0m[HTTP][0m [37m<-- POST /session/e1ec5f0f-cb16-4273-85b2-54076b6ebb48/element/f2ab3ddd-f4d2-438d-b058-958341e88c39/click [39m[32m200[39m [90m612 ms - 14[39m
[38;5;0m[HTTP][0m [90m[39m
[38;5;0m[HTTP][0m [37m-->[39m [37mPOST[39m [37m/session/e1ec5f0f-cb16-4273-85b2-54076b6ebb48/element[39m
[38;5;0m[HTTP][0m [90m{"using":"css selector","value":"#flash"}[39m
[38;5;32m[AndroidUiautomator2Driver@e31f (e1ec5f0f)][0m Driver proxy active, passing request on via HTTP proxy
[debug] [38;5;112m[Chromedriver@e8e9 (34eb0d8d)][0m Matched '/session/e1ec5f0f-cb16-4273-85b2-54076b6ebb48/element' to command name 'findElement'
[debug] [38;5;112m[Chromedriver@e8e9 (34eb0d8d)][0m Proxying [POST /session/e1ec5f0f-cb16-4273-85b2-54076b6ebb48/element] to [POST http://127.0.0.1:8000/session/34eb0d8d88a9d002737031d15f9393b6/element] with body: {"using":"css selector","value":"#flash"}
[38;5;112m[Chromedriver@e8e9 (34eb0d8d)][0m Got response with status 404: {"value":{"error":"no such element","message":"no such element: Unable to locate element: {\"method\":\"css selector\",\"selector\":\"#flash\"}\n  (Session info: chrome=91.0.4472.114)","stacktrace":"0   chromedriver_mac64_v91.0.4472.101   0x000000010b883649 chromedriver_mac64_v91.0.4472.101 + 2741833\n1   chromedriver_mac64_v91.0.4472.101   0x000000010bf39fb3 chromedriver_mac64_v91.0.4472.101 + 9781171\n2   chromedriver_mac64_v91.0.4472.101   0x000000010b610308 chromedriver_mac64_v91.0.4472.101 + 172808\n3   chromedriver_mac64_v91.0.4472.101   0x000000010b64441b chromedriver_mac64_v91.0.4472.101 + 386075\n4   chromedriver_mac64_v91.0.4472.101   0x000000010b6750c4 chromedriver_mac64_v91.0.4472.101 + 585924\n5   chromedriver_mac64_v91.0.4472.101   0x000000010b66159d chromedriver_mac64_v91.0.4472.101 + 505245\n6   chromedriver_mac64_v91.0.4472.101   0x000000010b672e94 chromedriver_mac64_v91.0.4472.101 + 577172\n7   chromedriver_mac64_v91.0.4472.101   0x000000010b661863 chromedriver_mac64_v91.0.4472.101 + 5059...
[debug] [38;5;128m[W3C][0m Matched W3C error code 'no such element' to NoSuchElementError
[38;5;0m[HTTP][0m [37m<-- POST /session/e1ec5f0f-cb16-4273-85b2-54076b6ebb48/element [39m[33m404[39m [90m1433 ms - 2225[39m
[38;5;0m[HTTP][0m [90m[39m
[38;5;0m[HTTP][0m [37m-->[39m [37mPOST[39m [37m/session/e1ec5f0f-cb16-4273-85b2-54076b6ebb48/elements[39m
[38;5;0m[HTTP][0m [90m{"using":"css selector","value":"#flash"}[39m
[38;5;32m[AndroidUiautomator2Driver@e31f (e1ec5f0f)][0m Driver proxy active, passing request on via HTTP proxy
[debug] [38;5;112m[Chromedriver@e8e9 (34eb0d8d)][0m Matched '/session/e1ec5f0f-cb16-4273-85b2-54076b6ebb48/elements' to command name 'findElements'
[debug] [38;5;112m[Chromedriver@e8e9 (34eb0d8d)][0m Proxying [POST /session/e1ec5f0f-cb16-4273-85b2-54076b6ebb48/elements] to [POST http://127.0.0.1:8000/session/34eb0d8d88a9d002737031d15f9393b6/elements] with body: {"using":"css selector","value":"#flash"}
[debug] [38;5;112m[Chromedriver@e8e9 (34eb0d8d)][0m Got response with status 200: {"value":[{"element-6066-11e4-a52e-4f735466cecf":"3a0a8b80-7c44-4218-a6c7-f2db0308f571"}]}
[38;5;0m[HTTP][0m [37m<-- POST /session/e1ec5f0f-cb16-4273-85b2-54076b6ebb48/elements [39m[32m200[39m [90m171 ms - 139[39m
[38;5;0m[HTTP][0m [90m[39m
[38;5;0m[HTTP][0m [37m-->[39m [37mPOST[39m [37m/session/e1ec5f0f-cb16-4273-85b2-54076b6ebb48/element[39m
[38;5;0m[HTTP][0m [90m{"using":"css selector","value":"#flash"}[39m
[38;5;32m[AndroidUiautomator2Driver@e31f (e1ec5f0f)][0m Driver proxy active, passing request on via HTTP proxy
[debug] [38;5;112m[Chromedriver@e8e9 (34eb0d8d)][0m Matched '/session/e1ec5f0f-cb16-4273-85b2-54076b6ebb48/element' to command name 'findElement'
[debug] [38;5;112m[Chromedriver@e8e9 (34eb0d8d)][0m Proxying [POST /session/e1ec5f0f-cb16-4273-85b2-54076b6ebb48/element] to [POST http://127.0.0.1:8000/session/34eb0d8d88a9d002737031d15f9393b6/element] with body: {"using":"css selector","value":"#flash"}
[debug] [38;5;112m[Chromedriver@e8e9 (34eb0d8d)][0m Got response with status 200: {"value":{"element-6066-11e4-a52e-4f735466cecf":"3a0a8b80-7c44-4218-a6c7-f2db0308f571"}}
[38;5;0m[HTTP][0m [37m<-- POST /session/e1ec5f0f-cb16-4273-85b2-54076b6ebb48/element [39m[32m200[39m [90m30 ms - 137[39m
[38;5;0m[HTTP][0m [90m[39m
[38;5;0m[HTTP][0m [37m-->[39m [37mGET[39m [37m/session/e1ec5f0f-cb16-4273-85b2-54076b6ebb48/element/3a0a8b80-7c44-4218-a6c7-f2db0308f571/text[39m
[38;5;0m[HTTP][0m [90m{}[39m
[38;5;32m[AndroidUiautomator2Driver@e31f (e1ec5f0f)][0m Driver proxy active, passing request on via HTTP proxy
[debug] [38;5;112m[Chromedriver@e8e9 (34eb0d8d)][0m Matched '/session/e1ec5f0f-cb16-4273-85b2-54076b6ebb48/element/3a0a8b80-7c44-4218-a6c7-f2db0308f571/text' to command name 'getText'
[debug] [38;5;112m[Chromedriver@e8e9 (34eb0d8d)][0m Proxying [GET /session/e1ec5f0f-cb16-4273-85b2-54076b6ebb48/element/3a0a8b80-7c44-4218-a6c7-f2db0308f571/text] to [GET http://127.0.0.1:8000/session/34eb0d8d88a9d002737031d15f9393b6/element/3a0a8b80-7c44-4218-a6c7-f2db0308f571/text] with no body
[debug] [38;5;112m[Chromedriver@e8e9 (34eb0d8d)][0m Got response with status 200: {"value":"You logged into a secure area!\n×"}
[38;5;0m[HTTP][0m [37m<-- GET /session/e1ec5f0f-cb16-4273-85b2-54076b6ebb48/element/3a0a8b80-7c44-4218-a6c7-f2db0308f571/text [39m[32m200[39m [90m35 ms - 46[39m
[38;5;0m[HTTP][0m [90m[39m
[38;5;0m[HTTP][0m [37m-->[39m [37mDELETE[39m [37m/session/e1ec5f0f-cb16-4273-85b2-54076b6ebb48[39m
[38;5;0m[HTTP][0m [90m{}[39m
[debug] [38;5;32m[AndroidUiautomator2Driver@e31f (e1ec5f0f)][0m Calling AppiumDriver.deleteSession() with args: ["e1ec5f0f-cb16-4273-85b2-54076b6ebb48"]
[debug] [38;5;16m[AppiumDriver@f159][0m Event 'quitSessionRequested' logged at 1672394009096 (15:53:29 GMT+0600 (Bangladesh Standard Time))
[38;5;16m[AppiumDriver@f159][0m Removing session e1ec5f0f-cb16-4273-85b2-54076b6ebb48 from our master session list
[debug] [38;5;32m[AndroidUiautomator2Driver@e31f (e1ec5f0f)][0m Deleting UiAutomator2 session
[debug] [38;5;32m[AndroidUiautomator2Driver@e31f (e1ec5f0f)][0m Stopping chromedriver for context CHROMIUM
[debug] [38;5;112m[Chromedriver@e8e9 (34eb0d8d)][0m Changed state to 'stopping'
[debug] [38;5;112m[Chromedriver@e8e9 (34eb0d8d)][0m Proxying [DELETE /] to [DELETE http://127.0.0.1:8000/session/34eb0d8d88a9d002737031d15f9393b6] with no body
[debug] [38;5;112m[Chromedriver@e8e9 (34eb0d8d)][0m Got response with status 200: {"value":null}
[debug] [38;5;112m[Chromedriver@e8e9][0m Changed state to 'stopped'
[debug] [38;5;32m[AndroidUiautomator2Driver@e31f (e1ec5f0f)][0m Deleting UiAutomator2 server session
[debug] [38;5;32m[AndroidUiautomator2Driver@e31f (e1ec5f0f)][0m Matched '/' to command name 'deleteSession'
[debug] [38;5;32m[AndroidUiautomator2Driver@e31f (e1ec5f0f)][0m Proxying [DELETE /] to [DELETE http://127.0.0.1:8200/session/0ab95446-6129-4f3f-8ee0-9029e24bb33f] with no body
[debug] [38;5;32m[AndroidUiautomator2Driver@e31f (e1ec5f0f)][0m Got response with status 200: {"sessionId":"0ab95446-6129-4f3f-8ee0-9029e24bb33f","value":null}
[debug] [38;5;48m[ADB][0m Running '/Users/sayma/Library/Android/sdk/platform-tools/adb -P 5037 -s emulator-5554 shell dumpsys activity services io.appium.settings/.recorder.RecorderService'
[debug] [38;5;80m[Logcat][0m Stopping logcat capture
[debug] [38;5;48m[ADB][0m Removing forwarded port socket connection: 8200 
[debug] [38;5;48m[ADB][0m Running '/Users/sayma/Library/Android/sdk/platform-tools/adb -P 5037 -s emulator-5554 forward --remove tcp:8200'
[38;5;32m[AndroidUiautomator2Driver@e31f (e1ec5f0f)][0m Restoring hidden api policy to the device default configuration
[debug] [38;5;48m[ADB][0m Running '/Users/sayma/Library/Android/sdk/platform-tools/adb -P 5037 -s emulator-5554 shell 'settings delete global hidden_api_policy_pre_p_apps;settings delete global hidden_api_policy_p_apps;settings delete global hidden_api_policy''
[debug] [38;5;16m[AppiumDriver@f159][0m Event 'quitSessionFinished' logged at 1672394009697 (15:53:29 GMT+0600 (Bangladesh Standard Time))
[debug] [38;5;16m[AppiumDriver@f159][0m Received response: null
[debug] [38;5;16m[AppiumDriver@f159][0m But deleting session, so not returning
[debug] [38;5;16m[AppiumDriver@f159][0m Responding to client with driver.deleteSession() result: null
[38;5;0m[HTTP][0m [37m<-- DELETE /session/e1ec5f0f-cb16-4273-85b2-54076b6ebb48 [39m[32m200[39m [90m602 ms - 14[39m
[38;5;0m[HTTP][0m [90m[39m
[35m[Appium][39m Received SIGTERM - shutting down
[debug] [38;5;16m[AppiumDriver@f159][0m There are no active sessions for cleanup
[38;5;0m[HTTP][0m Waiting until the server is closed
[38;5;0m[HTTP][0m Received server close event
